TN:
SF:src\router.ts
FNF:0
FNH:0
DA:1,2
DA:2,2
DA:3,2
DA:5,2
DA:6,2
DA:7,2
DA:8,2
DA:9,2
DA:10,2
DA:11,2
DA:13,2
LF:11
LH:11
BRF:0
BRH:0
end_of_record
TN:
SF:src\server.ts
FN:7,conectDB
FN:27,(anonymous_2)
FNF:2
FNH:2
FNDA:2,conectDB
FNDA:2,(anonymous_2)
DA:1,2
DA:2,2
DA:3,2
DA:4,2
DA:7,2
DA:8,2
DA:9,2
DA:10,1
DA:14,0
DA:18,2
DA:21,2
DA:24,2
DA:26,2
DA:27,2
DA:28,2
DA:31,2
LF:16
LH:15
BRF:0
BRH:0
end_of_record
TN:
SF:src\config\db.ts
FNF:0
FNH:0
DA:1,2
DA:2,2
DA:3,2
DA:5,2
DA:9,2
LF:5
LH:5
BRF:0
BRH:0
end_of_record
TN:
SF:src\handlers\products.ts
FN:7,(anonymous_1)
FN:16,(anonymous_2)
FN:30,(anonymous_3)
FN:40,(anonymous_4)
FN:55,(anonymous_5)
FN:70,(anonymous_6)
FNF:6
FNH:6
FNDA:2,(anonymous_1)
FNDA:2,(anonymous_2)
FNDA:1,(anonymous_3)
FNDA:2,(anonymous_4)
FNDA:1,(anonymous_5)
FNDA:2,(anonymous_6)
DA:2,2
DA:7,2
DA:8,2
DA:9,2
DA:10,0
DA:12,2
DA:16,2
DA:17,2
DA:18,2
DA:19,2
DA:20,0
DA:21,0
DA:22,0
DA:24,0
DA:26,2
DA:30,2
DA:31,1
DA:32,1
DA:33,0
DA:36,1
DA:40,2
DA:41,2
DA:42,2
DA:43,2
DA:44,0
DA:45,0
DA:46,0
DA:48,0
DA:49,0
DA:51,2
DA:55,2
DA:56,1
DA:57,1
DA:58,1
DA:59,0
DA:60,0
DA:61,0
DA:63,0
DA:64,0
DA:66,1
DA:70,2
DA:71,2
DA:72,2
DA:73,2
DA:74,0
DA:75,0
DA:76,0
DA:78,0
DA:79,0
DA:81,2
LF:50
LH:29
BRDA:20,0,0,0
BRDA:44,1,0,0
BRDA:59,2,0,0
BRDA:74,3,0,0
BRF:4
BRH:0
end_of_record
TN:
SF:src\middleware\index.ts
FN:4,(anonymous_0)
FN:13,(anonymous_1)
FN:32,(anonymous_2)
FN:40,(anonymous_3)
FNF:4
FNH:4
FNDA:8,(anonymous_0)
FNDA:8,(anonymous_1)
FNDA:9,(anonymous_2)
FNDA:1,(anonymous_3)
DA:2,2
DA:4,2
DA:6,8
DA:9,8
DA:14,8
DA:15,2
DA:17,6
DA:21,8
DA:25,8
DA:27,8
DA:28,5
DA:29,3
DA:32,2
DA:33,9
DA:34,9
DA:35,0
DA:37,9
DA:40,2
DA:41,1
DA:42,1
DA:43,0
DA:45,1
LF:22
LH:20
BRDA:14,0,0,2
BRDA:27,1,0,5
BRDA:34,2,0,0
BRDA:42,3,0,0
BRDA:42,4,0,1
BRDA:42,4,1,0
BRF:6
BRH:3
end_of_record
TN:
SF:src\models\Product.model.ts
FNF:0
FNH:0
DA:1,3
DA:7,3
DA:11,3
DA:16,3
DA:21,3
DA:24,3
LF:6
LH:6
BRF:0
BRH:0
end_of_record
